C:\Program Files (x86)\MSBuild\Microsoft.Cpp\v4.0\V140\Microsoft.CppBuild.targets(392,5): warning MSB8028: The intermediate directory (Debug\) contains files shared from another project (数据结构.vcxproj).  This can lead to incorrect clean and rebuild behavior.
C:\Program Files (x86)\MSBuild\Microsoft.Cpp\v4.0\V140\Microsoft.CppBuild.targets(936,5): warning MSB8027: Two or more files with the name of simple_graph.cpp will produce outputs to the same location. This can lead to an incorrect build result.  The files involved are graph\simple_graph.cpp, simple_graph.cpp.
  2_dimension_array_test.cpp
  正在生成代码...
cl : 命令行 warning D9028: 最小重新生成失败，正在转换为标准生成
  正在编译...
  find_kth_max_ele.cpp
  find_max_and_min_simutaneously.cpp
  BStree_main.cpp
  binary_searchcpp.cpp
  typeid_judge_the_template_type.cpp
  virtual_func.cpp
e:\onedrive\数据结构\数据结构\数据结构\c_plus_plus_features\virtual_func.cpp : warning C4819: 该文件包含不能在当前代码页(936)中表示的字符。请将该文件保存为 Unicode 格式以防止数据丢失
  UFSet.cpp
  extGraph_main.cpp
  graph_main.cpp
  heap.cpp
  simple_graph.cpp
  simple_heap_main.cpp
  kmp_sub_str.cpp
  seq_list_main.cpp
  poly_main.cpp
  queue_main.cpp
  simple_graph.cpp
  simple_pattern_matching.cpp
  skip_list.cpp
  bubble_sort.cpp
  正在生成代码...
  正在编译...
  insert_sort.cpp
  merge_sort.cpp
  quick_sort.cpp
  stack_main.cpp
  standard_cin_test.cpp
  正在生成代码...
Debug\simple_graph.obj : warning LNK4042: 对象被多次指定；已忽略多余的指定
  数据结构.vcxproj -> E:\OneDrive\数据结构\数据结构\Debug\DataStructure.exe
