生成启动时间为 2017/6/21 15:24:01。
     1>项目“D:\Get_Jobs\DataStructurePractice\数据结构\数据结构.vcxproj”在节点 2 上(Rebuild 个目标)。
     1>ClCompile:
         C:\Program Files (x86)\Microsoft Visual Studio 14.0\VC\bin\x86_amd64\CL.exe /c /ZI /nologo /W3 /WX- /sdl /Od /D _CRT_SECURE_NO_WARNINGS /D _UNICODE /D UNICODE /Gm /EHsc /RTC1 /MDd /GS /fp:precise /Zc:wchar_t /Zc:forScope /Zc:inline /Fo"x64\Debug\\" /Fd"x64\Debug\vc140.pdb" /Gd /TP /errorReport:prompt binary_searchcpp.cpp BStree_main.cpp kmp_sub_str.cpp list\seq_list_main.cpp polynomial\poly_main.cpp queue\queue_main.cpp Algorithm\find_kth_max_ele.cpp Algorithm\find_max_and_min_simutaneously.cpp simple_pattern_matching.cpp skip_list.cpp sort\bubble_sort.cpp sort\insert_sort.cpp sort\merge_sort.cpp sort\quick_sort.cpp stack\stack_main.cpp
         stack_main.cpp
         quick_sort.cpp
         merge_sort.cpp
         insert_sort.cpp
         bubble_sort.cpp
         skip_list.cpp
         simple_pattern_matching.cpp
         find_max_and_min_simutaneously.cpp
         find_kth_max_ele.cpp
         queue_main.cpp
         poly_main.cpp
         seq_list_main.cpp
         kmp_sub_str.cpp
         BStree_main.cpp
         binary_searchcpp.cpp
         正在生成代码...
       Link:
         C:\Program Files (x86)\Microsoft Visual Studio 14.0\VC\bin\x86_amd64\link.exe /ERRORREPORT:PROMPT /OUT:"D:\Get_Jobs\DataStructurePractice\x64\Debug\数据结构.exe" /INCREMENTAL /NOLOGO kernel32.lib user32.lib gdi32.lib winspool.lib comdlg32.lib advapi32.lib shell32.lib ole32.lib oleaut32.lib uuid.lib odbc32.lib odbccp32.lib /MANIFEST /MANIFESTUAC:"level='asInvoker' uiAccess='false'" /manifest:embed /Debug /PDB:"D:\Get_Jobs\DataStructurePractice\x64\Debug\数据结构.pdb" /TLBID:1 /DYNAMICBASE /NXCOMPAT /IMPLIB:"D:\Get_Jobs\DataStructurePractice\x64\Debug\数据结构.lib" /MACHINE:X64 x64\Debug\binary_searchcpp.obj
         x64\Debug\BStree_main.obj
         x64\Debug\kmp_sub_str.obj
         x64\Debug\seq_list_main.obj
         x64\Debug\poly_main.obj
         x64\Debug\queue_main.obj
         x64\Debug\find_kth_max_ele.obj
         x64\Debug\find_max_and_min_simutaneously.obj
         x64\Debug\simple_pattern_matching.obj
         x64\Debug\skip_list.obj
         x64\Debug\bubble_sort.obj
         x64\Debug\insert_sort.obj
         x64\Debug\merge_sort.obj
         x64\Debug\quick_sort.obj
         x64\Debug\stack_main.obj
         数据结构.vcxproj -> D:\Get_Jobs\DataStructurePractice\x64\Debug\数据结构.exe
     1>已完成生成项目“D:\Get_Jobs\DataStructurePractice\数据结构\数据结构.vcxproj”(Rebuild 个目标)的操作。

已成功生成。

已用时间 00:00:09.26
