d:\get_jobs\datastructurepractice\数据结构\x64\debug\vc140.pdb
d:\get_jobs\datastructurepractice\数据结构\x64\debug\vc140.idb
d:\get_jobs\datastructurepractice\数据结构\x64\debug\seq_list_main.obj
d:\get_jobs\datastructurepractice\数据结构\x64\debug\poly_main.obj
d:\get_jobs\datastructurepractice\数据结构\x64\debug\queue_main.obj
d:\get_jobs\datastructurepractice\数据结构\x64\debug\find_kth_max_ele.obj
d:\get_jobs\datastructurepractice\数据结构\x64\debug\find_max_and_min_simutaneously.obj
d:\get_jobs\datastructurepractice\数据结构\x64\debug\simple_pattern_matching.obj
d:\get_jobs\datastructurepractice\数据结构\x64\debug\bubble_sort.obj
d:\get_jobs\datastructurepractice\数据结构\x64\debug\insert_sort.obj
d:\get_jobs\datastructurepractice\数据结构\x64\debug\merge_sort.obj
d:\get_jobs\datastructurepractice\数据结构\x64\debug\quick_sort.obj
d:\get_jobs\datastructurepractice\数据结构\x64\debug\stack_main.obj
d:\get_jobs\datastructurepractice\数据结构\x64\debug\kmp_sub_str.obj
d:\get_jobs\datastructurepractice\数据结构\x64\debug\kmp_try_again.obj
d:\get_jobs\datastructurepractice\数据结构\x64\debug\binary_searchcpp.obj
d:\get_jobs\datastructurepractice\数据结构\x64\debug\bstree_main.obj
d:\get_jobs\datastructurepractice\数据结构\x64\debug\skip_list.obj
d:\get_jobs\datastructurepractice\x64\debug\数据结构.ilk
d:\get_jobs\datastructurepractice\x64\debug\数据结构.exe
d:\get_jobs\datastructurepractice\x64\debug\数据结构.pdb
d:\get_jobs\datastructurepractice\数据结构\x64\debug\数据结构.tlog\cl.command.1.tlog
d:\get_jobs\datastructurepractice\数据结构\x64\debug\数据结构.tlog\cl.read.1.tlog
d:\get_jobs\datastructurepractice\数据结构\x64\debug\数据结构.tlog\cl.write.1.tlog
d:\get_jobs\datastructurepractice\数据结构\x64\debug\数据结构.tlog\link.command.1.tlog
d:\get_jobs\datastructurepractice\数据结构\x64\debug\数据结构.tlog\link.read.1.tlog
d:\get_jobs\datastructurepractice\数据结构\x64\debug\数据结构.tlog\link.write.1.tlog
